<?xml version="1.0" encoding="UTF-8"?>
<!-- Generated by org.testng.reporters.JUnitReportReporter -->
<testsuite hostname="DESKTOP-BPEH99P" failures="0" tests="1" name="StreamsTutorial.test1" time="0.017" errors="0" timestamp="2024-12-28T16:15:31 IST" skipped="0">
  <testcase classname="StreamsTutorial.test1" name="streamCollect" time="0.017"/>
</testsuite> <!-- StreamsTutorial.test1 -->
